Using pre-set license
Built from '2020.2/release' branch; Version is '2020.2.2f1 (068178b99f32) revision 426360'; Using compiler version '192528614'; Build Type 'Release'
OS: 'Windows 10 Home; OS build 19042.1237; Version 2009; 64bit' Language: 'en' Physical Memory: 16344 MB
BatchMode: 1, IsHumanControllingUs: 0, StartBugReporterOnCrash: 0, Is64bit: 1, IsPro: 0

 COMMAND LINE ARGUMENTS:
D:\Program Files\Unity\2020.2.2f1\Editor\Unity.exe
-adb2
-batchMode
-noUpm
-name
AssetImportWorker0
-projectPath
C:/Users/julia/Documents/GitHub/Gamework Framework
-logFile
Logs/AssetImportWorker0.log
-srvPort
62891
Successfully changed project path to: C:/Users/julia/Documents/GitHub/Gamework Framework
C:/Users/julia/Documents/GitHub/Gamework Framework
Using Asset Import Pipeline V2.
Refreshing native plugins compatible for Editor in 20.41 ms, found 0 plugins.
Preloading 0 native plugins for Editor in 0.00 ms.
Initialize engine version: 2020.2.2f1 (068178b99f32)
[Subsystems] Discovering subsystems at path D:/Program Files/Unity/2020.2.2f1/Editor/Data/Resources/UnitySubsystems
[Subsystems] Discovering subsystems at path C:/Users/julia/Documents/GitHub/Gamework Framework/Assets
GfxDevice: creating device client; threaded=0
Direct3D:
    Version:  Direct3D 11.0 [level 11.1]
    Renderer: NVIDIA GeForce GTX 1070 Ti (ID=0x1b82)
    Vendor:   
    VRAM:     8079 MB
    Driver:   27.21.14.6140
Initialize mono
Mono path[0] = 'D:/Program Files/Unity/2020.2.2f1/Editor/Data/Managed'
Mono path[1] = 'D:/Program Files/Unity/2020.2.2f1/Editor/Data/MonoBleedingEdge/lib/mono/unityjit'
Mono config path = 'D:/Program Files/Unity/2020.2.2f1/Editor/Data/MonoBleedingEdge/etc'
Using monoOptions --debugger-agent=transport=dt_socket,embedding=1,server=y,suspend=n,address=127.0.0.1:56704
Begin MonoManager ReloadAssembly
Registering precompiled unity dll's ...
Register platform support module: D:/Program Files/Unity/2020.2.2f1/Editor/Data/PlaybackEngines/WindowsStandaloneSupport/UnityEditor.WindowsStandalone.Extensions.dll
Registered in 0.001085 seconds.
Native extension for WindowsStandalone target not found
Refreshing native plugins compatible for Editor in 19.05 ms, found 0 plugins.
Preloading 0 native plugins for Editor in 0.00 ms.
Invoked RoslynAnalysisRunner static constructor.
RoslynAnalysisRunner will not be running.
RoslynAnalysisRunner has terminated.
Mono: successfully reloaded assembly
- Completed reload, in  1.920 seconds
Platform modules already initialized, skipping
Registering precompiled user dll's ...
Registered in 0.000656 seconds.
Begin MonoManager ReloadAssembly
Native extension for WindowsStandalone target not found
Refreshing native plugins compatible for Editor in 0.19 ms, found 0 plugins.
Preloading 0 native plugins for Editor in 0.00 ms.
Invoked RoslynAnalysisRunner static constructor.
RoslynAnalysisRunner will not be running.
RoslynAnalysisRunner has terminated.
Mono: successfully reloaded assembly
- Completed reload, in  0.666 seconds
Platform modules already initialized, skipping
========================================================================
Worker process is ready to serve import requests
Launched and connected shader compiler UnityShaderCompiler.exe after 0.04 seconds
Refreshing native plugins compatible for Editor in 0.19 ms, found 0 plugins.
Preloading 0 native plugins for Editor in 0.00 ms.
Unloading 1102 Unused Serialized files (Serialized files now loaded: 0)
System memory in use before: 56.7 MB.
System memory in use after: 56.7 MB.

Unloading 10 unused Assets to reduce memory usage. Loaded Objects now: 1544.
Total: 1.519200 ms (FindLiveObjects: 0.112700 ms CreateObjectMapping: 0.038000 ms MarkObjects: 1.303800 ms  DeleteObjects: 0.063900 ms)

========================================================================
Received Import Request.
  path: Assets/Gamework Framework/Testing/Editor
  artifactKey: Guid(07ca2af227a44a547a3d183bb06adf86) Importer(815301076,1909f56bfc062723c751e8b465ee728b)
Start importing Assets/Gamework Framework/Testing/Editor using Guid(07ca2af227a44a547a3d183bb06adf86) Importer(815301076,1909f56bfc062723c751e8b465ee728b)  -> (artifact id: 'be6e190ae85b1a0bd3a8b7c619eb293a') in 0.006938 seconds
  Import took 0.008476 seconds .

========================================================================
Received Import Request.
  Time since last request: 0.827260 seconds.
  path: Assets/Gamework Framework/Testing/Movement
  artifactKey: Guid(f57577578bbe21842a45a2a2410258e2) Importer(815301076,1909f56bfc062723c751e8b465ee728b)
Start importing Assets/Gamework Framework/Testing/Movement using Guid(f57577578bbe21842a45a2a2410258e2) Importer(815301076,1909f56bfc062723c751e8b465ee728b)  -> (artifact id: 'c0e932f51fd2cd971596a4aa52f5fad8') in 0.006274 seconds
  Import took 0.007888 seconds .

========================================================================
Received Import Request.
  Time since last request: 6.266440 seconds.
  path: Assets/Gamework Framework/Movement
  artifactKey: Guid(d3d16aae14200264d8246ffb1a3a515a) Importer(815301076,1909f56bfc062723c751e8b465ee728b)
Start importing Assets/Gamework Framework/Movement using Guid(d3d16aae14200264d8246ffb1a3a515a) Importer(815301076,1909f56bfc062723c751e8b465ee728b)  -> (artifact id: '28d97ec8ec412c9bddfa8cbdff71daad') in 0.003142 seconds
  Import took 0.004677 seconds .

========================================================================
Received Import Request.
  Time since last request: 113.852003 seconds.
  path: Assets/Gamework Framework/Testing/Editor/EditorTesting.unity
  artifactKey: Guid(c67d0e7fe675b8a42bb26d1ca4429e38) Importer(815301076,1909f56bfc062723c751e8b465ee728b)
Start importing Assets/Gamework Framework/Testing/Editor/EditorTesting.unity using Guid(c67d0e7fe675b8a42bb26d1ca4429e38) Importer(815301076,1909f56bfc062723c751e8b465ee728b)  -> (artifact id: 'bf9c98301374783c103e06a08fbc764f') in 0.012695 seconds
  Import took 0.014515 seconds .

========================================================================
Received Import Request.
  Time since last request: 242.472879 seconds.
  path: Assets/Gamework Framework/Editor/Resources
  artifactKey: Guid(169d5a0e0a6f0da4dae9b6d3323f3296) Importer(815301076,1909f56bfc062723c751e8b465ee728b)
Start importing Assets/Gamework Framework/Editor/Resources using Guid(169d5a0e0a6f0da4dae9b6d3323f3296) Importer(815301076,1909f56bfc062723c751e8b465ee728b)  -> (artifact id: '2a11a9ff4c10761d8d5cbe766b6944c1') in 0.007009 seconds
  Import took 0.008588 seconds .

========================================================================
Received Import Request.
  Time since last request: 7.303957 seconds.
  path: Assets/Gamework Framework/Editor/Scripts
  artifactKey: Guid(93d868b41d446de42b3bb2bf729f2a26) Importer(815301076,1909f56bfc062723c751e8b465ee728b)
Start importing Assets/Gamework Framework/Editor/Scripts using Guid(93d868b41d446de42b3bb2bf729f2a26) Importer(815301076,1909f56bfc062723c751e8b465ee728b)  -> (artifact id: '075d31473f35b4c55124ed7309c493a6') in 0.006262 seconds
  Import took 0.007867 seconds .

========================================================================
Received Import Request.
  Time since last request: 12.018158 seconds.
  path: Assets/Gamework Framework/Editor/Scripts/CustomInspector.cs
  artifactKey: Guid(d419caaf3ba0478469258081151cbc5f) Importer(815301076,1909f56bfc062723c751e8b465ee728b)
Start importing Assets/Gamework Framework/Editor/Scripts/CustomInspector.cs using Guid(d419caaf3ba0478469258081151cbc5f) Importer(815301076,1909f56bfc062723c751e8b465ee728b)  -> (artifact id: '3e9a948950b5a40015289d8d80e6894e') in 0.031768 seconds
  Import took 0.033388 seconds .

========================================================================
Received Import Request.
  Time since last request: 0.027149 seconds.
  path: Assets/Gamework Framework/Editor/Scripts/CustomInspector.cs
  artifactKey: Guid(d419caaf3ba0478469258081151cbc5f) Importer(815301076,1909f56bfc062723c751e8b465ee728b)
Start importing Assets/Gamework Framework/Editor/Scripts/CustomInspector.cs using Guid(d419caaf3ba0478469258081151cbc5f) Importer(815301076,1909f56bfc062723c751e8b465ee728b)  -> (artifact id: '3e9a948950b5a40015289d8d80e6894e') in 0.003231 seconds
  Import took 0.005257 seconds .

========================================================================
Received Prepare
Registering precompiled user dll's ...
Registered in 0.000981 seconds.
Begin MonoManager ReloadAssembly
Native extension for WindowsStandalone target not found
Refreshing native plugins compatible for Editor in 0.44 ms, found 0 plugins.
Preloading 0 native plugins for Editor in 0.00 ms.
Invoked RoslynAnalysisRunner static constructor.
RoslynAnalysisRunner will not be running.
RoslynAnalysisRunner has terminated.
Mono: successfully reloaded assembly
- Completed reload, in  1.429 seconds
Platform modules already initialized, skipping
Refreshing native plugins compatible for Editor in 0.22 ms, found 0 plugins.
Preloading 0 native plugins for Editor in 0.00 ms.
Unloading 1098 Unused Serialized files (Serialized files now loaded: 0)
System memory in use before: 56.7 MB.
System memory in use after: 56.8 MB.

Unloading 5 unused Assets to reduce memory usage. Loaded Objects now: 1547.
Total: 2.057100 ms (FindLiveObjects: 0.216600 ms CreateObjectMapping: 0.056100 ms MarkObjects: 1.703300 ms  DeleteObjects: 0.078900 ms)

========================================================================
Received Import Request.
  Time since last request: 91.031352 seconds.
  path: Assets/Gamework Framework/Editor/Scripts/CustomInspector.cs
  artifactKey: Guid(d419caaf3ba0478469258081151cbc5f) Importer(815301076,1909f56bfc062723c751e8b465ee728b)
Start importing Assets/Gamework Framework/Editor/Scripts/CustomInspector.cs using Guid(d419caaf3ba0478469258081151cbc5f) Importer(815301076,1909f56bfc062723c751e8b465ee728b)  -> (artifact id: 'ae2b289d1035c8ad84491ef9141af1bc') in 0.005658 seconds
  Import took 0.007969 seconds .

========================================================================
Received Prepare
Registering precompiled user dll's ...
Registered in 0.000640 seconds.
Begin MonoManager ReloadAssembly
Native extension for WindowsStandalone target not found
Refreshing native plugins compatible for Editor in 0.19 ms, found 0 plugins.
Preloading 0 native plugins for Editor in 0.00 ms.
Invoked RoslynAnalysisRunner static constructor.
RoslynAnalysisRunner will not be running.
RoslynAnalysisRunner has terminated.
Mono: successfully reloaded assembly
- Completed reload, in  0.620 seconds
Platform modules already initialized, skipping
Refreshing native plugins compatible for Editor in 0.18 ms, found 0 plugins.
Preloading 0 native plugins for Editor in 0.00 ms.
Unloading 1098 Unused Serialized files (Serialized files now loaded: 0)
System memory in use before: 56.8 MB.
System memory in use after: 56.9 MB.

Unloading 5 unused Assets to reduce memory usage. Loaded Objects now: 1549.
Total: 1.564800 ms (FindLiveObjects: 0.137800 ms CreateObjectMapping: 0.032800 ms MarkObjects: 1.353000 ms  DeleteObjects: 0.040200 ms)

========================================================================
Received Import Request.
  Time since last request: 2070.050700 seconds.
  path: Assets/Gamework Framework/Editor/Scripts/CustomInspector.cs
  artifactKey: Guid(d419caaf3ba0478469258081151cbc5f) Importer(815301076,1909f56bfc062723c751e8b465ee728b)
Start importing Assets/Gamework Framework/Editor/Scripts/CustomInspector.cs using Guid(d419caaf3ba0478469258081151cbc5f) Importer(815301076,1909f56bfc062723c751e8b465ee728b)  -> (artifact id: 'd393a6d20fd265430522cef963fce696') in 0.007250 seconds
  Import took 0.008737 seconds .

========================================================================
Received Import Request.
  Time since last request: 159.852163 seconds.
  path: Assets/Gamework Framework/Editor/Scripts/CustomInspector.cs
  artifactKey: Guid(d419caaf3ba0478469258081151cbc5f) Importer(815301076,1909f56bfc062723c751e8b465ee728b)
Start importing Assets/Gamework Framework/Editor/Scripts/CustomInspector.cs using Guid(d419caaf3ba0478469258081151cbc5f) Importer(815301076,1909f56bfc062723c751e8b465ee728b)  -> (artifact id: 'b8939c267ed9fd66b06da0be6bf0b5b1') in 0.003156 seconds
  Import took 0.005030 seconds .

========================================================================
Received Prepare
Registering precompiled user dll's ...
Registered in 0.000576 seconds.
Begin MonoManager ReloadAssembly
Native extension for WindowsStandalone target not found
Refreshing native plugins compatible for Editor in 0.19 ms, found 0 plugins.
Preloading 0 native plugins for Editor in 0.00 ms.
Invoked RoslynAnalysisRunner static constructor.
RoslynAnalysisRunner will not be running.
RoslynAnalysisRunner has terminated.
Mono: successfully reloaded assembly
- Completed reload, in  0.660 seconds
Platform modules already initialized, skipping
Refreshing native plugins compatible for Editor in 0.17 ms, found 0 plugins.
Preloading 0 native plugins for Editor in 0.00 ms.
Unloading 1098 Unused Serialized files (Serialized files now loaded: 0)
System memory in use before: 56.9 MB.
System memory in use after: 57.0 MB.

Unloading 5 unused Assets to reduce memory usage. Loaded Objects now: 1551.
Total: 1.459200 ms (FindLiveObjects: 0.121500 ms CreateObjectMapping: 0.033600 ms MarkObjects: 1.263700 ms  DeleteObjects: 0.039700 ms)

========================================================================
Received Prepare
Registering precompiled user dll's ...
Registered in 0.000684 seconds.
Begin MonoManager ReloadAssembly
Native extension for WindowsStandalone target not found
Refreshing native plugins compatible for Editor in 0.19 ms, found 0 plugins.
Preloading 0 native plugins for Editor in 0.00 ms.
Invoked RoslynAnalysisRunner static constructor.
RoslynAnalysisRunner will not be running.
RoslynAnalysisRunner has terminated.
Mono: successfully reloaded assembly
- Completed reload, in  0.653 seconds
Platform modules already initialized, skipping
Refreshing native plugins compatible for Editor in 0.18 ms, found 0 plugins.
Preloading 0 native plugins for Editor in 0.00 ms.
Unloading 1098 Unused Serialized files (Serialized files now loaded: 0)
System memory in use before: 57.0 MB.
System memory in use after: 57.1 MB.

Unloading 5 unused Assets to reduce memory usage. Loaded Objects now: 1553.
Total: 1.432600 ms (FindLiveObjects: 0.120700 ms CreateObjectMapping: 0.030100 ms MarkObjects: 1.241200 ms  DeleteObjects: 0.039900 ms)

========================================================================
Received Import Request.
  Time since last request: 1134.721001 seconds.
  path: Assets/Gamework Framework/Editor/Scripts/CustomInspector.cs
  artifactKey: Guid(d419caaf3ba0478469258081151cbc5f) Importer(815301076,1909f56bfc062723c751e8b465ee728b)
Start importing Assets/Gamework Framework/Editor/Scripts/CustomInspector.cs using Guid(d419caaf3ba0478469258081151cbc5f) Importer(815301076,1909f56bfc062723c751e8b465ee728b)  -> (artifact id: '711c0a051ac2f6c3bc549616db7c8950') in 0.006268 seconds
  Import took 0.008192 seconds .

========================================================================
Received Import Request.
  Time since last request: 0.019794 seconds.
  path: Assets/Gamework Framework/Editor/Scripts/CustomInspector.cs
  artifactKey: Guid(d419caaf3ba0478469258081151cbc5f) Importer(815301076,1909f56bfc062723c751e8b465ee728b)
Start importing Assets/Gamework Framework/Editor/Scripts/CustomInspector.cs using Guid(d419caaf3ba0478469258081151cbc5f) Importer(815301076,1909f56bfc062723c751e8b465ee728b)  -> (artifact id: '711c0a051ac2f6c3bc549616db7c8950') in 0.003034 seconds
  Import took 0.004751 seconds .

========================================================================
Received Import Request.
  Time since last request: 17.560640 seconds.
  path: Assets/Gamework Framework/Editor/Scripts/ObjectDimensions.cs
  artifactKey: Guid(0e661ac6608a9b34991291f49410f733) Importer(815301076,1909f56bfc062723c751e8b465ee728b)
Start importing Assets/Gamework Framework/Editor/Scripts/ObjectDimensions.cs using Guid(0e661ac6608a9b34991291f49410f733) Importer(815301076,1909f56bfc062723c751e8b465ee728b)  -> (artifact id: 'c8001403028d4dca46703a04441017ba') in 0.007013 seconds
  Import took 0.008611 seconds .

========================================================================
Received Prepare
Registering precompiled user dll's ...
Registered in 0.000628 seconds.
Begin MonoManager ReloadAssembly
Native extension for WindowsStandalone target not found
Refreshing native plugins compatible for Editor in 0.18 ms, found 0 plugins.
Preloading 0 native plugins for Editor in 0.00 ms.
Invoked RoslynAnalysisRunner static constructor.
RoslynAnalysisRunner will not be running.
RoslynAnalysisRunner has terminated.
Mono: successfully reloaded assembly
- Completed reload, in  0.650 seconds
Platform modules already initialized, skipping
Refreshing native plugins compatible for Editor in 0.18 ms, found 0 plugins.
Preloading 0 native plugins for Editor in 0.00 ms.
Unloading 1099 Unused Serialized files (Serialized files now loaded: 0)
System memory in use before: 57.1 MB.
System memory in use after: 57.2 MB.

Unloading 5 unused Assets to reduce memory usage. Loaded Objects now: 1556.
Total: 1.446700 ms (FindLiveObjects: 0.124400 ms CreateObjectMapping: 0.028500 ms MarkObjects: 1.252200 ms  DeleteObjects: 0.040900 ms)

========================================================================
Received Import Request.
  Time since last request: 212.993438 seconds.
  path: Assets/Gamework Framework/Editor/Scripts/ObjectDimensions.cs
  artifactKey: Guid(0e661ac6608a9b34991291f49410f733) Importer(815301076,1909f56bfc062723c751e8b465ee728b)
Start importing Assets/Gamework Framework/Editor/Scripts/ObjectDimensions.cs using Guid(0e661ac6608a9b34991291f49410f733) Importer(815301076,1909f56bfc062723c751e8b465ee728b)  -> (artifact id: 'ebe0150c760bcc6e571d519946b02310') in 0.008360 seconds
  Import took 0.010431 seconds .

========================================================================
Received Import Request.
  Time since last request: 0.021167 seconds.
  path: Assets/Gamework Framework/Editor/Scripts/ObjectDimensions.cs
  artifactKey: Guid(0e661ac6608a9b34991291f49410f733) Importer(815301076,1909f56bfc062723c751e8b465ee728b)
Start importing Assets/Gamework Framework/Editor/Scripts/ObjectDimensions.cs using Guid(0e661ac6608a9b34991291f49410f733) Importer(815301076,1909f56bfc062723c751e8b465ee728b)  -> (artifact id: 'ebe0150c760bcc6e571d519946b02310') in 0.002160 seconds
  Import took 0.003714 seconds .

========================================================================
Received Prepare
Registering precompiled user dll's ...
Registered in 0.000651 seconds.
Begin MonoManager ReloadAssembly
Native extension for WindowsStandalone target not found
Refreshing native plugins compatible for Editor in 0.18 ms, found 0 plugins.
Preloading 0 native plugins for Editor in 0.00 ms.
Invoked RoslynAnalysisRunner static constructor.
RoslynAnalysisRunner will not be running.
RoslynAnalysisRunner has terminated.
Mono: successfully reloaded assembly
- Completed reload, in  0.614 seconds
Platform modules already initialized, skipping
Refreshing native plugins compatible for Editor in 0.20 ms, found 0 plugins.
Preloading 0 native plugins for Editor in 0.00 ms.
Unloading 1099 Unused Serialized files (Serialized files now loaded: 0)
System memory in use before: 57.2 MB.
System memory in use after: 57.3 MB.

Unloading 5 unused Assets to reduce memory usage. Loaded Objects now: 1558.
Total: 1.503000 ms (FindLiveObjects: 0.138800 ms CreateObjectMapping: 0.038600 ms MarkObjects: 1.277500 ms  DeleteObjects: 0.047100 ms)

========================================================================
Received Import Request.
  Time since last request: 215.421232 seconds.
  path: Assets/Gamework Framework/Editor/Scripts/ObjectDimensions.cs
  artifactKey: Guid(0e661ac6608a9b34991291f49410f733) Importer(815301076,1909f56bfc062723c751e8b465ee728b)
Start importing Assets/Gamework Framework/Editor/Scripts/ObjectDimensions.cs using Guid(0e661ac6608a9b34991291f49410f733) Importer(815301076,1909f56bfc062723c751e8b465ee728b)  -> (artifact id: 'c27343088c145c8e6404f21027a856f6') in 0.005240 seconds
  Import took 0.006803 seconds .

========================================================================
Received Import Request.
  Time since last request: 30.917786 seconds.
  path: Assets/Gamework Framework/Editor/Scripts/ObjectDimensions.cs
  artifactKey: Guid(0e661ac6608a9b34991291f49410f733) Importer(815301076,1909f56bfc062723c751e8b465ee728b)
Start importing Assets/Gamework Framework/Editor/Scripts/ObjectDimensions.cs using Guid(0e661ac6608a9b34991291f49410f733) Importer(815301076,1909f56bfc062723c751e8b465ee728b)  -> (artifact id: '0d96eee4dcb5d5dfab200266c36bff3f') in 0.004400 seconds
  Import took 0.006747 seconds .

========================================================================
Received Prepare
Registering precompiled user dll's ...
Registered in 0.000604 seconds.
Begin MonoManager ReloadAssembly
Native extension for WindowsStandalone target not found
Refreshing native plugins compatible for Editor in 0.18 ms, found 0 plugins.
Preloading 0 native plugins for Editor in 0.00 ms.
Invoked RoslynAnalysisRunner static constructor.
RoslynAnalysisRunner will not be running.
RoslynAnalysisRunner has terminated.
Mono: successfully reloaded assembly
- Completed reload, in  0.611 seconds
Platform modules already initialized, skipping
Refreshing native plugins compatible for Editor in 0.19 ms, found 0 plugins.
Preloading 0 native plugins for Editor in 0.00 ms.
Unloading 1099 Unused Serialized files (Serialized files now loaded: 0)
System memory in use before: 57.3 MB.
System memory in use after: 57.4 MB.

Unloading 5 unused Assets to reduce memory usage. Loaded Objects now: 1560.
Total: 1.406000 ms (FindLiveObjects: 0.148000 ms CreateObjectMapping: 0.033000 ms MarkObjects: 1.183700 ms  DeleteObjects: 0.040400 ms)

========================================================================
Received Prepare
Registering precompiled user dll's ...
Registered in 0.000630 seconds.
Begin MonoManager ReloadAssembly
Native extension for WindowsStandalone target not found
Refreshing native plugins compatible for Editor in 0.18 ms, found 0 plugins.
Preloading 0 native plugins for Editor in 0.00 ms.
Invoked RoslynAnalysisRunner static constructor.
RoslynAnalysisRunner will not be running.
RoslynAnalysisRunner has terminated.
Mono: successfully reloaded assembly
- Completed reload, in  0.615 seconds
Platform modules already initialized, skipping
Refreshing native plugins compatible for Editor in 0.18 ms, found 0 plugins.
Preloading 0 native plugins for Editor in 0.00 ms.
Unloading 1099 Unused Serialized files (Serialized files now loaded: 0)
System memory in use before: 57.4 MB.
System memory in use after: 57.5 MB.

Unloading 5 unused Assets to reduce memory usage. Loaded Objects now: 1562.
Total: 1.473300 ms (FindLiveObjects: 0.122700 ms CreateObjectMapping: 0.029000 ms MarkObjects: 1.282300 ms  DeleteObjects: 0.038200 ms)

========================================================================
Received Import Request.
  Time since last request: 16.719794 seconds.
  path: Assets/Gamework Framework/Editor/Scripts/ObjectDimensions.cs
  artifactKey: Guid(0e661ac6608a9b34991291f49410f733) Importer(815301076,1909f56bfc062723c751e8b465ee728b)
Start importing Assets/Gamework Framework/Editor/Scripts/ObjectDimensions.cs using Guid(0e661ac6608a9b34991291f49410f733) Importer(815301076,1909f56bfc062723c751e8b465ee728b)  -> (artifact id: '8089c83c8fe806ad3be801ae4741c203') in 0.005474 seconds
  Import took 0.007252 seconds .

========================================================================
Received Prepare
Registering precompiled user dll's ...
Registered in 0.000685 seconds.
Begin MonoManager ReloadAssembly
Native extension for WindowsStandalone target not found
Refreshing native plugins compatible for Editor in 0.19 ms, found 0 plugins.
Preloading 0 native plugins for Editor in 0.00 ms.
Invoked RoslynAnalysisRunner static constructor.
RoslynAnalysisRunner will not be running.
RoslynAnalysisRunner has terminated.
Mono: successfully reloaded assembly
- Completed reload, in  0.619 seconds
Platform modules already initialized, skipping
Refreshing native plugins compatible for Editor in 0.18 ms, found 0 plugins.
Preloading 0 native plugins for Editor in 0.00 ms.
Unloading 1099 Unused Serialized files (Serialized files now loaded: 0)
System memory in use before: 57.5 MB.
System memory in use after: 57.5 MB.

Unloading 5 unused Assets to reduce memory usage. Loaded Objects now: 1564.
Total: 1.375400 ms (FindLiveObjects: 0.126000 ms CreateObjectMapping: 0.026600 ms MarkObjects: 1.184600 ms  DeleteObjects: 0.037400 ms)

========================================================================
Received Prepare
Registering precompiled user dll's ...
Registered in 0.000569 seconds.
Begin MonoManager ReloadAssembly
Native extension for WindowsStandalone target not found
Refreshing native plugins compatible for Editor in 0.18 ms, found 0 plugins.
Preloading 0 native plugins for Editor in 0.00 ms.
Invoked RoslynAnalysisRunner static constructor.
RoslynAnalysisRunner will not be running.
RoslynAnalysisRunner has terminated.
Mono: successfully reloaded assembly
- Completed reload, in  0.606 seconds
Platform modules already initialized, skipping
Refreshing native plugins compatible for Editor in 0.18 ms, found 0 plugins.
Preloading 0 native plugins for Editor in 0.00 ms.
Unloading 1099 Unused Serialized files (Serialized files now loaded: 0)
System memory in use before: 57.6 MB.
System memory in use after: 57.6 MB.

Unloading 5 unused Assets to reduce memory usage. Loaded Objects now: 1566.
Total: 1.384600 ms (FindLiveObjects: 0.107500 ms CreateObjectMapping: 0.027900 ms MarkObjects: 1.211900 ms  DeleteObjects: 0.036700 ms)

========================================================================
Received Import Request.
  Time since last request: 56.439042 seconds.
  path: Assets/Gamework Framework/Core/Resources
  artifactKey: Guid(1d364729fc838604e8e00be7bdf20be2) Importer(815301076,1909f56bfc062723c751e8b465ee728b)
Start importing Assets/Gamework Framework/Core/Resources using Guid(1d364729fc838604e8e00be7bdf20be2) Importer(815301076,1909f56bfc062723c751e8b465ee728b)  -> (artifact id: '7b84db83596454595204e174420580d2') in 0.007450 seconds
  Import took 0.009069 seconds .

========================================================================
Received Import Request.
  Time since last request: 0.004822 seconds.
  path: Assets/Gamework Framework/Core/Resources
  artifactKey: Guid(1d364729fc838604e8e00be7bdf20be2) Importer(815301076,1909f56bfc062723c751e8b465ee728b)
Start importing Assets/Gamework Framework/Core/Resources using Guid(1d364729fc838604e8e00be7bdf20be2) Importer(815301076,1909f56bfc062723c751e8b465ee728b)  -> (artifact id: '7b84db83596454595204e174420580d2') in 0.002813 seconds
  Import took 0.004472 seconds .

========================================================================
Received Import Request.
  Time since last request: 5.511465 seconds.
  path: Assets/Gamework Framework/Core/Scripts
  artifactKey: Guid(c09fa48e3fb387344bec43f6ebb19972) Importer(815301076,1909f56bfc062723c751e8b465ee728b)
Start importing Assets/Gamework Framework/Core/Scripts using Guid(c09fa48e3fb387344bec43f6ebb19972) Importer(815301076,1909f56bfc062723c751e8b465ee728b)  -> (artifact id: '203edeba53d6bee4eb447e23dc3993b9') in 0.006258 seconds
  Import took 0.008003 seconds .

========================================================================
Received Import Request.
  Time since last request: 0.000810 seconds.
  path: Assets/Gamework Framework/Core/Scripts
  artifactKey: Guid(c09fa48e3fb387344bec43f6ebb19972) Importer(815301076,1909f56bfc062723c751e8b465ee728b)
Start importing Assets/Gamework Framework/Core/Scripts using Guid(c09fa48e3fb387344bec43f6ebb19972) Importer(815301076,1909f56bfc062723c751e8b465ee728b)  -> (artifact id: '203edeba53d6bee4eb447e23dc3993b9') in 0.002738 seconds
  Import took 0.004275 seconds .

========================================================================
Received Prepare
Registering precompiled user dll's ...
Registered in 0.000565 seconds.
Begin MonoManager ReloadAssembly
Native extension for WindowsStandalone target not found
Refreshing native plugins compatible for Editor in 0.18 ms, found 0 plugins.
Preloading 0 native plugins for Editor in 0.00 ms.
Invoked RoslynAnalysisRunner static constructor.
RoslynAnalysisRunner will not be running.
RoslynAnalysisRunner has terminated.
Mono: successfully reloaded assembly
- Completed reload, in  0.604 seconds
Platform modules already initialized, skipping
Refreshing native plugins compatible for Editor in 0.18 ms, found 0 plugins.
Preloading 0 native plugins for Editor in 0.00 ms.
Unloading 1099 Unused Serialized files (Serialized files now loaded: 0)
System memory in use before: 57.6 MB.
System memory in use after: 57.7 MB.

Unloading 5 unused Assets to reduce memory usage. Loaded Objects now: 1568.
Total: 1.439400 ms (FindLiveObjects: 0.103000 ms CreateObjectMapping: 0.024600 ms MarkObjects: 1.276300 ms  DeleteObjects: 0.034800 ms)

========================================================================
Received Import Request.
  Time since last request: 12.780624 seconds.
  path: Assets/Gamework Framework/Core/Scripts/ObjectDimensions.cs
  artifactKey: Guid(0e661ac6608a9b34991291f49410f733) Importer(815301076,1909f56bfc062723c751e8b465ee728b)
Start importing Assets/Gamework Framework/Core/Scripts/ObjectDimensions.cs using Guid(0e661ac6608a9b34991291f49410f733) Importer(815301076,1909f56bfc062723c751e8b465ee728b)  -> (artifact id: '1198af17419e3f0e4fe93e0c3372f3f7') in 0.003693 seconds
  Import took 0.005261 seconds .

========================================================================
Received Prepare
Registering precompiled user dll's ...
Registered in 0.000632 seconds.
Begin MonoManager ReloadAssembly
Native extension for WindowsStandalone target not found
Refreshing native plugins compatible for Editor in 0.21 ms, found 0 plugins.
Preloading 0 native plugins for Editor in 0.00 ms.
Invoked RoslynAnalysisRunner static constructor.
RoslynAnalysisRunner will not be running.
RoslynAnalysisRunner has terminated.
Mono: successfully reloaded assembly
- Completed reload, in  0.625 seconds
Platform modules already initialized, skipping
Refreshing native plugins compatible for Editor in 0.18 ms, found 0 plugins.
Preloading 0 native plugins for Editor in 0.00 ms.
Unloading 1099 Unused Serialized files (Serialized files now loaded: 0)
System memory in use before: 57.7 MB.
System memory in use after: 57.8 MB.

Unloading 5 unused Assets to reduce memory usage. Loaded Objects now: 1570.
Total: 1.567900 ms (FindLiveObjects: 0.120700 ms CreateObjectMapping: 0.031500 ms MarkObjects: 1.372200 ms  DeleteObjects: 0.042700 ms)

========================================================================
Received Import Request.
  Time since last request: 1215.643356 seconds.
  path: Assets/Gamework Framework/Core/Scripts/ObjectDimensions.cs
  artifactKey: Guid(0e661ac6608a9b34991291f49410f733) Importer(815301076,1909f56bfc062723c751e8b465ee728b)
Start importing Assets/Gamework Framework/Core/Scripts/ObjectDimensions.cs using Guid(0e661ac6608a9b34991291f49410f733) Importer(815301076,1909f56bfc062723c751e8b465ee728b)  -> (artifact id: 'b101c596a63e78292b14c54ff4bf20d4') in 0.010587 seconds
  Import took 0.012937 seconds .

========================================================================
Received Prepare
Registering precompiled user dll's ...
Registered in 0.000607 seconds.
Begin MonoManager ReloadAssembly
Native extension for WindowsStandalone target not found
Refreshing native plugins compatible for Editor in 0.21 ms, found 0 plugins.
Preloading 0 native plugins for Editor in 0.00 ms.
Invoked RoslynAnalysisRunner static constructor.
RoslynAnalysisRunner will not be running.
RoslynAnalysisRunner has terminated.
Mono: successfully reloaded assembly
- Completed reload, in  0.625 seconds
Platform modules already initialized, skipping
Refreshing native plugins compatible for Editor in 0.18 ms, found 0 plugins.
Preloading 0 native plugins for Editor in 0.00 ms.
Unloading 1099 Unused Serialized files (Serialized files now loaded: 0)
System memory in use before: 57.8 MB.
System memory in use after: 57.9 MB.

Unloading 5 unused Assets to reduce memory usage. Loaded Objects now: 1572.
Total: 1.493400 ms (FindLiveObjects: 0.131600 ms CreateObjectMapping: 0.034000 ms MarkObjects: 1.279700 ms  DeleteObjects: 0.047400 ms)

AssetImportWorkerClient::OnTransportError - code=2 error=End of file
